<?xml version="1.0" encoding="UTF-8"?>
<!-- Generated by org.testng.reporters.JUnitXMLReporter -->
<testsuite hostname="MB-004304.local" ignored="2" name="Acessar categoria T-SHIRTS" tests="1" failures="0" timestamp="27 set 2019 21:01:33 GMT" time="10.743" errors="0">
  <testcase name="testAcessarCategoriaTShirts" time="3.784" classname="tests.CommerceFlowTest"/>
  <testcase name="testRealizarLogin" time="0.0" classname="tests.CommerceFlowTest">
    <ignored/>
  </testcase> <!-- testRealizarLogin -->
  <testcase name="testRealizarUmaCompra" time="0.0" classname="tests.CommerceFlowTest">
    <ignored/>
  </testcase> <!-- testRealizarUmaCompra -->
</testsuite> <!-- Acessar categoria T-SHIRTS -->
