<?xml version="1.0" encoding="UTF-8"?>
<!-- Generated by org.testng.reporters.JUnitXMLReporter -->
<testsuite hostname="MB-004304.local" ignored="2" name="Realizar login" tests="1" failures="0" timestamp="27 set 2019 21:01:43 GMT" time="9.962" errors="0">
  <testcase name="testRealizarLogin" time="4.053" classname="tests.CommerceFlowTest"/>
  <testcase name="testAcessarCategoriaTShirts" time="0.0" classname="tests.CommerceFlowTest">
    <ignored/>
  </testcase> <!-- testAcessarCategoriaTShirts -->
  <testcase name="testRealizarUmaCompra" time="0.0" classname="tests.CommerceFlowTest">
    <ignored/>
  </testcase> <!-- testRealizarUmaCompra -->
</testsuite> <!-- Realizar login -->
