<?xml version="1.0" encoding="UTF-8"?>
<!-- Generated by org.testng.reporters.JUnitXMLReporter -->
<testsuite hostname="MB-004304.local" ignored="2" name="Realizar uma compra" tests="1" failures="0" timestamp="27 set 2019 21:02:15 GMT" time="31.653" errors="0">
  <testcase name="testRealizarUmaCompra" time="19.14" classname="tests.CommerceFlowTest"/>
  <testcase name="testAcessarCategoriaTShirts" time="0.0" classname="tests.CommerceFlowTest">
    <ignored/>
  </testcase> <!-- testAcessarCategoriaTShirts -->
  <testcase name="testRealizarLogin" time="0.0" classname="tests.CommerceFlowTest">
    <ignored/>
  </testcase> <!-- testRealizarLogin -->
</testsuite> <!-- Realizar uma compra -->
